<?xml version="1.0" encoding="UTF-8"?>
<!-- Generated by org.testng.reporters.JUnitReportReporter -->
<testsuite skipped="0" hostname="BHUPALAM" name="sampletestcases.NewTest" tests="1" failures="0" timestamp="26 Apr 2019 17:34:48 GMT" time="75.972" errors="0">
  <testcase name="beforeClass" time="75.972" classname="sampletestcases.NewTest"/>
</testsuite> <!-- sampletestcases.NewTest -->
